

. ## read data
Unknown #command
. use hersdata.dta

. drop if diabetes ==1   // 731 obs deleted
(731 observations deleted)

. drop if mi(HDL) | mi(BMI) | mi(age) | mi(drinkany) // 11 obs deleted
(11 observations deleted)

. keep HDL BMI age drinkany

. 
. ## Part A) = bootstrap "by hand"
Unknown #command
. ## =============================
Unknown #command
. 
. ## Writing our own bootstrap program requires four steps.
Unknown #command
. ## 
Unknown #command
. ## 1) In the first step we obtain initial estimates and store the results in a matrix, 
Unknown #command
. ## say observe. In addition, we must also note the number of observations used in the analysis. 
Unknown #command
. ## This information will be used when we summarize the bootstrap results.
Unknown #command
. ## 
Unknown #command
. ## 2) Second, we write a program which we will call myboot that samples the 
Unknown #command
. ## data with replacement and returns the statistic of interest. In this step, 
Unknown #command
. ## we start by preserving the data with the preserve command, then take a bootstrap
Unknown #command
. ## sample with bsample. bsample samples the data in memory with replacement,
Unknown #command
. ## which is the essential element of the bootstrap. From the bootstrap sample 
Unknown #command
. ## we run our regression model and output the statistic of interest with the return 
Unknown #command
. ## scalar command. Note that when we define the program, program define myboot, 
Unknown #command
. ## we specify the rclass option; without that option, we would not be able to output 
Unknown #command
. ## the bootstrapped statistic. myboot concludes with the restore command, 
Unknown #command
. ## which returns the data to the original state (prior to the bootstrapped sample).
Unknown #command
. ## 
Unknown #command
. ## 3) In the third step, we use the simulate prefix command along with myboot, 
Unknown #command
. ## which collects the statistic from the bootstrapped sample. 
Unknown #command
. ## We specify the seed and number of replications at this step, which coincide 
Unknown #command
. ## with those from the example above.
Unknown #command
. ## 
Unknown #command
. ## 4) Finally, we use the bstat command to summarize the results. 
Unknown #command
. ## We include the initial estimates, stored in the matrix observe, and the 
Unknown #command
. ## sample size with the stat( ) and n() options, respectively.
Unknown #command
.  
.  
.  
. ## Step 1 - define model and store the coefficients via the observe command
Unknown #command
. regress HDL BMI age drinkany 

      Source |       SS           df       MS      Number of obs   =     2,021
-------------+----------------------------------   F(3, 2017)      =     46.91
       Model |  24006.0684         3  8002.02279   Prob > F        =    0.0000
    Residual |  344071.218     2,017  170.585631   R-squared       =    0.0652
-------------+----------------------------------   Adj R-squared   =    0.0638
       Total |  368077.286     2,020  182.216478   Root MSE        =    13.061

------------------------------------------------------------------------------
         HDL | Coefficient  Std. err.      t    P>|t|     [95% conf. interval]
-------------+----------------------------------------------------------------
         BMI |  -.4036859   .0571063    -7.07   0.000    -.5156793   -.2916924
         age |   .2086808   .0437416     4.77   0.000     .1228974    .2944643
    drinkany |   4.502504   .5880671     7.66   0.000     3.349222    5.655787
       _cons |   46.68225   3.571831    13.07   0.000     39.67739    53.68712
------------------------------------------------------------------------------

. 
. matrix observe= (_b[_cons], _b[BMI], _b[age], _b[drinkany])

. matrix list observe

observe[1,4]
            c1          c2          c3          c4
r1   46.682253  -.40368587   .20868084   4.5025044

. 
.  
. ## Step 2 - program to be repeated
Unknown #command
. capture program drop myboot2

. program define myboot2, rclass
  1.  preserve 
  2.   bsample
  3.     regress HDL BMI age drinkany  
  4.     ## fit model, store coeff 
Unknown #command
.           return scalar b0 = _b[_cons]
  5.     return scalar b1 = _b[BMI]
  6.     return scalar b2 = _b[age]
  7.         return scalar b3 = _b[drinkany]
  8.  restore
  9. end

. 
. ## Step 3 - simulation = resampling the data using the program myboot2, R=1000 replicates
Unknown #command
. simulate  b0=r(b0) b1=r(b1) b2=r(b2) b3=r(b3), reps(1000) seed(12345): myboot2

      Command: myboot2
           b0: r(b0)
           b1: r(b1)
           b2: r(b2)
           b3: r(b3)

Simulations (1,000)
----+--- 1 ---+--- 2 ---+--- 3 ---+--- 4 ---+--- 5 
..................................................    50
..................................................   100
..................................................   150
..................................................   200
..................................................   250
..................................................   300
..................................................   350
..................................................   400
..................................................   450
..................................................   500
..................................................   550
..................................................   600
..................................................   650
..................................................   700
..................................................   750
..................................................   800
..................................................   850
